[2017-10-20 19:03:32,634] TRACE [Controller 0]: checking need to trigger partition rebalance (kafka.controller.KafkaController)
[2017-10-20 19:03:32,636] DEBUG [Controller 0]: preferred replicas by broker Map() (kafka.controller.KafkaController)
[2017-10-20 19:04:08,716] INFO [Controller 0]: Shutting down broker 0 (kafka.controller.KafkaController)
[2017-10-20 19:04:08,717] DEBUG [Controller 0]: All shutting down brokers: 0 (kafka.controller.KafkaController)
[2017-10-20 19:04:08,718] DEBUG [Controller 0]: Live brokers:  (kafka.controller.KafkaController)
[2017-10-20 19:04:08,720] TRACE [Controller 0]: All leaders =  (kafka.controller.KafkaController)
[2017-10-20 19:04:08,779] INFO [BrokerChangeListener on Controller 0]: Broker change listener fired for path /brokers/ids with children  (kafka.controller.ReplicaStateMachine$BrokerChangeListener)
[2017-10-20 19:04:08,780] INFO [BrokerChangeListener on Controller 0]: Newly added brokers: , deleted brokers: 0, all live brokers:  (kafka.controller.ReplicaStateMachine$BrokerChangeListener)
[2017-10-20 19:04:08,780] INFO [Controller-0-to-broker-0-send-thread], Shutting down (kafka.controller.RequestSendThread)
[2017-10-20 19:04:08,781] INFO [Controller-0-to-broker-0-send-thread], Stopped  (kafka.controller.RequestSendThread)
[2017-10-20 19:04:08,784] INFO [Controller-0-to-broker-0-send-thread], Shutdown completed (kafka.controller.RequestSendThread)
[2017-10-20 19:04:08,785] INFO [Controller 0]: Broker failure callback for 0 (kafka.controller.KafkaController)
[2017-10-20 19:04:08,786] INFO [Controller 0]: Removed ArrayBuffer(0) from list of shutting down brokers. (kafka.controller.KafkaController)
[2017-10-20 19:04:08,810] INFO [Partition state machine on Controller 0]: Invoking state change to OfflinePartition for partitions  (kafka.controller.PartitionStateMachine)
[2017-10-20 19:04:09,251] INFO [Partition state machine on Controller 0]: Stopped partition state machine (kafka.controller.PartitionStateMachine)
[2017-10-20 19:04:09,251] INFO [Replica state machine on controller 0]: Stopped replica state machine (kafka.controller.ReplicaStateMachine)
[2017-10-20 19:04:14,836] INFO [Controller 0]: Controller starting up (kafka.controller.KafkaController)
[2017-10-20 19:04:14,912] INFO [Controller 0]: Broker 0 starting become controller state transition (kafka.controller.KafkaController)
[2017-10-20 19:04:14,947] INFO [Controller 0]: Initialized controller epoch to 1 and zk version 0 (kafka.controller.KafkaController)
[2017-10-20 19:04:14,966] INFO [Controller 0]: Controller 0 incremented epoch to 2 (kafka.controller.KafkaController)
[2017-10-20 19:04:15,026] INFO [Controller 0]: Partitions undergoing preferred replica election:  (kafka.controller.KafkaController)
[2017-10-20 19:04:15,027] INFO [Controller 0]: Partitions that completed preferred replica election:  (kafka.controller.KafkaController)
[2017-10-20 19:04:15,027] INFO [Controller 0]: Resuming preferred replica election for partitions:  (kafka.controller.KafkaController)
[2017-10-20 19:04:15,032] INFO [Controller 0]: Partitions being reassigned: Map() (kafka.controller.KafkaController)
[2017-10-20 19:04:15,033] INFO [Controller 0]: Partitions already reassigned: List() (kafka.controller.KafkaController)
[2017-10-20 19:04:15,034] INFO [Controller 0]: Resuming reassignment of partitions: Map() (kafka.controller.KafkaController)
[2017-10-20 19:04:15,043] INFO [Controller 0]: List of topics to be deleted:  (kafka.controller.KafkaController)
[2017-10-20 19:04:15,044] INFO [Controller 0]: List of topics ineligible for deletion:  (kafka.controller.KafkaController)
[2017-10-20 19:04:15,055] INFO [Controller 0]: Currently active brokers in the cluster: Set() (kafka.controller.KafkaController)
[2017-10-20 19:04:15,056] INFO [Controller 0]: Currently shutting brokers in the cluster: Set() (kafka.controller.KafkaController)
[2017-10-20 19:04:15,056] INFO [Controller 0]: Current list of topics in the cluster: Set() (kafka.controller.KafkaController)
[2017-10-20 19:04:15,066] INFO [Replica state machine on controller 0]: Started replica state machine with initial state -> Map() (kafka.controller.ReplicaStateMachine)
[2017-10-20 19:04:15,080] INFO [Partition state machine on Controller 0]: Started partition state machine with initial state -> Map() (kafka.controller.PartitionStateMachine)
[2017-10-20 19:04:15,081] INFO [Controller 0]: Broker 0 is ready to serve as the new controller with epoch 2 (kafka.controller.KafkaController)
[2017-10-20 19:04:15,082] INFO [Controller 0]: Starting preferred replica leader election for partitions  (kafka.controller.KafkaController)
[2017-10-20 19:04:15,091] INFO [Partition state machine on Controller 0]: Invoking state change to OnlinePartition for partitions  (kafka.controller.PartitionStateMachine)
[2017-10-20 19:04:15,109] INFO [Controller 0]: starting the partition rebalance scheduler (kafka.controller.KafkaController)
[2017-10-20 19:04:15,117] INFO [Controller 0]: Controller startup complete (kafka.controller.KafkaController)
[2017-10-20 19:04:15,393] INFO [BrokerChangeListener on Controller 0]: Broker change listener fired for path /brokers/ids with children 0 (kafka.controller.ReplicaStateMachine$BrokerChangeListener)
[2017-10-20 19:04:15,475] INFO [BrokerChangeListener on Controller 0]: Newly added brokers: 0, deleted brokers: , all live brokers: 0 (kafka.controller.ReplicaStateMachine$BrokerChangeListener)
[2017-10-20 19:04:15,477] DEBUG [Channel manager on controller 0]: Controller 0 trying to connect to broker 0 (kafka.controller.ControllerChannelManager)
[2017-10-20 19:04:15,487] INFO [Controller-0-to-broker-0-send-thread], Controller 0 connected to id:0,host:localhost,port:9092 for sending state change requests (kafka.controller.RequestSendThread)
[2017-10-20 19:04:15,489] INFO [Controller 0]: New broker startup callback for 0 (kafka.controller.KafkaController)
[2017-10-20 19:04:15,502] INFO [Controller-0-to-broker-0-send-thread], Starting  (kafka.controller.RequestSendThread)
[2017-10-20 19:04:20,111] TRACE [Controller 0]: checking need to trigger partition rebalance (kafka.controller.KafkaController)
[2017-10-20 19:04:20,113] DEBUG [Controller 0]: preferred replicas by broker Map() (kafka.controller.KafkaController)
[2017-10-20 19:07:15,299] DEBUG [TopicChangeListener on Controller 0]: Topic change listener fired for path /brokers/topics with children TutorialTopic (kafka.controller.PartitionStateMachine$TopicChangeListener)
[2017-10-20 19:07:15,373] INFO [TopicChangeListener on Controller 0]: New topics: [Set(TutorialTopic)], deleted topics: [Set()], new partition replica assignment [Map([TutorialTopic,0] -> List(0))] (kafka.controller.PartitionStateMachine$TopicChangeListener)
[2017-10-20 19:07:15,373] INFO [Controller 0]: New topic creation callback for [TutorialTopic,0] (kafka.controller.KafkaController)
[2017-10-20 19:07:15,406] INFO [Controller 0]: New partition creation callback for [TutorialTopic,0] (kafka.controller.KafkaController)
[2017-10-20 19:07:15,407] INFO [Partition state machine on Controller 0]: Invoking state change to NewPartition for partitions [TutorialTopic,0] (kafka.controller.PartitionStateMachine)
[2017-10-20 19:07:15,445] INFO [Replica state machine on controller 0]: Invoking state change to NewReplica for replicas [Topic=TutorialTopic,Partition=0,Replica=0] (kafka.controller.ReplicaStateMachine)
[2017-10-20 19:07:15,475] INFO [Partition state machine on Controller 0]: Invoking state change to OnlinePartition for partitions [TutorialTopic,0] (kafka.controller.PartitionStateMachine)
[2017-10-20 19:07:15,478] DEBUG [Partition state machine on Controller 0]: Live assigned replicas for partition [TutorialTopic,0] are: [List(0)] (kafka.controller.PartitionStateMachine)
[2017-10-20 19:07:15,512] DEBUG [Partition state machine on Controller 0]: Initializing leader and isr for partition [TutorialTopic,0] to (Leader:0,ISR:0,LeaderEpoch:0,ControllerEpoch:2) (kafka.controller.PartitionStateMachine)
[2017-10-20 19:07:15,625] INFO [Replica state machine on controller 0]: Invoking state change to OnlineReplica for replicas [Topic=TutorialTopic,Partition=0,Replica=0] (kafka.controller.ReplicaStateMachine)
[2017-10-20 19:09:20,110] TRACE [Controller 0]: checking need to trigger partition rebalance (kafka.controller.KafkaController)
[2017-10-20 19:09:20,110] DEBUG [Controller 0]: preferred replicas by broker Map(0 -> Map([TutorialTopic,0] -> List(0))) (kafka.controller.KafkaController)
[2017-10-20 19:09:20,112] DEBUG [Controller 0]: topics not in preferred replica Map() (kafka.controller.KafkaController)
[2017-10-20 19:09:20,169] TRACE [Controller 0]: leader imbalance ratio for broker 0 is 0.000000 (kafka.controller.KafkaController)
[2017-10-20 19:14:20,110] TRACE [Controller 0]: checking need to trigger partition rebalance (kafka.controller.KafkaController)
[2017-10-20 19:14:20,110] DEBUG [Controller 0]: preferred replicas by broker Map(0 -> Map([TutorialTopic,0] -> List(0))) (kafka.controller.KafkaController)
[2017-10-20 19:14:20,110] DEBUG [Controller 0]: topics not in preferred replica Map() (kafka.controller.KafkaController)
[2017-10-20 19:14:20,110] TRACE [Controller 0]: leader imbalance ratio for broker 0 is 0.000000 (kafka.controller.KafkaController)
[2017-10-20 19:19:20,110] TRACE [Controller 0]: checking need to trigger partition rebalance (kafka.controller.KafkaController)
[2017-10-20 19:19:20,110] DEBUG [Controller 0]: preferred replicas by broker Map(0 -> Map([TutorialTopic,0] -> List(0))) (kafka.controller.KafkaController)
[2017-10-20 19:19:20,110] DEBUG [Controller 0]: topics not in preferred replica Map() (kafka.controller.KafkaController)
[2017-10-20 19:19:20,110] TRACE [Controller 0]: leader imbalance ratio for broker 0 is 0.000000 (kafka.controller.KafkaController)
[2017-10-20 19:24:20,110] TRACE [Controller 0]: checking need to trigger partition rebalance (kafka.controller.KafkaController)
[2017-10-20 19:24:20,110] DEBUG [Controller 0]: preferred replicas by broker Map(0 -> Map([TutorialTopic,0] -> List(0))) (kafka.controller.KafkaController)
[2017-10-20 19:24:20,110] DEBUG [Controller 0]: topics not in preferred replica Map() (kafka.controller.KafkaController)
[2017-10-20 19:24:20,111] TRACE [Controller 0]: leader imbalance ratio for broker 0 is 0.000000 (kafka.controller.KafkaController)
[2017-10-20 19:29:20,110] TRACE [Controller 0]: checking need to trigger partition rebalance (kafka.controller.KafkaController)
[2017-10-20 19:29:20,110] DEBUG [Controller 0]: preferred replicas by broker Map(0 -> Map([TutorialTopic,0] -> List(0))) (kafka.controller.KafkaController)
[2017-10-20 19:29:20,110] DEBUG [Controller 0]: topics not in preferred replica Map() (kafka.controller.KafkaController)
[2017-10-20 19:29:20,110] TRACE [Controller 0]: leader imbalance ratio for broker 0 is 0.000000 (kafka.controller.KafkaController)
[2017-10-20 19:34:20,110] TRACE [Controller 0]: checking need to trigger partition rebalance (kafka.controller.KafkaController)
[2017-10-20 19:34:20,110] DEBUG [Controller 0]: preferred replicas by broker Map(0 -> Map([TutorialTopic,0] -> List(0))) (kafka.controller.KafkaController)
[2017-10-20 19:34:20,110] DEBUG [Controller 0]: topics not in preferred replica Map() (kafka.controller.KafkaController)
[2017-10-20 19:34:20,110] TRACE [Controller 0]: leader imbalance ratio for broker 0 is 0.000000 (kafka.controller.KafkaController)
[2017-10-20 19:39:20,110] TRACE [Controller 0]: checking need to trigger partition rebalance (kafka.controller.KafkaController)
[2017-10-20 19:39:20,110] DEBUG [Controller 0]: preferred replicas by broker Map(0 -> Map([TutorialTopic,0] -> List(0))) (kafka.controller.KafkaController)
[2017-10-20 19:39:20,110] DEBUG [Controller 0]: topics not in preferred replica Map() (kafka.controller.KafkaController)
[2017-10-20 19:39:20,110] TRACE [Controller 0]: leader imbalance ratio for broker 0 is 0.000000 (kafka.controller.KafkaController)
[2017-10-20 19:44:20,110] TRACE [Controller 0]: checking need to trigger partition rebalance (kafka.controller.KafkaController)
[2017-10-20 19:44:20,110] DEBUG [Controller 0]: preferred replicas by broker Map(0 -> Map([TutorialTopic,0] -> List(0))) (kafka.controller.KafkaController)
[2017-10-20 19:44:20,110] DEBUG [Controller 0]: topics not in preferred replica Map() (kafka.controller.KafkaController)
[2017-10-20 19:44:20,110] TRACE [Controller 0]: leader imbalance ratio for broker 0 is 0.000000 (kafka.controller.KafkaController)
[2017-10-20 19:49:20,110] TRACE [Controller 0]: checking need to trigger partition rebalance (kafka.controller.KafkaController)
[2017-10-20 19:49:20,110] DEBUG [Controller 0]: preferred replicas by broker Map(0 -> Map([TutorialTopic,0] -> List(0))) (kafka.controller.KafkaController)
[2017-10-20 19:49:20,110] DEBUG [Controller 0]: topics not in preferred replica Map() (kafka.controller.KafkaController)
[2017-10-20 19:49:20,110] TRACE [Controller 0]: leader imbalance ratio for broker 0 is 0.000000 (kafka.controller.KafkaController)
[2017-10-20 19:54:20,110] TRACE [Controller 0]: checking need to trigger partition rebalance (kafka.controller.KafkaController)
[2017-10-20 19:54:20,110] DEBUG [Controller 0]: preferred replicas by broker Map(0 -> Map([TutorialTopic,0] -> List(0))) (kafka.controller.KafkaController)
[2017-10-20 19:54:20,110] DEBUG [Controller 0]: topics not in preferred replica Map() (kafka.controller.KafkaController)
[2017-10-20 19:54:20,110] TRACE [Controller 0]: leader imbalance ratio for broker 0 is 0.000000 (kafka.controller.KafkaController)
[2017-10-20 19:59:20,110] TRACE [Controller 0]: checking need to trigger partition rebalance (kafka.controller.KafkaController)
[2017-10-20 19:59:20,110] DEBUG [Controller 0]: preferred replicas by broker Map(0 -> Map([TutorialTopic,0] -> List(0))) (kafka.controller.KafkaController)
[2017-10-20 19:59:20,110] DEBUG [Controller 0]: topics not in preferred replica Map() (kafka.controller.KafkaController)
[2017-10-20 19:59:20,110] TRACE [Controller 0]: leader imbalance ratio for broker 0 is 0.000000 (kafka.controller.KafkaController)
