[2017-10-20 19:04:08,644] INFO [Kafka Server 0], shutting down (kafka.server.KafkaServer)
[2017-10-20 19:04:08,646] INFO [Kafka Server 0], Starting controlled shutdown (kafka.server.KafkaServer)
[2017-10-20 19:04:08,759] INFO [Kafka Server 0], Controlled shutdown succeeded (kafka.server.KafkaServer)
[2017-10-20 19:04:08,769] INFO Deregistered broker 0 at path /brokers/ids/0. (kafka.utils.ZkUtils$)
[2017-10-20 19:04:08,769] INFO [Socket Server on Broker 0], Shutting down (kafka.network.SocketServer)
[2017-10-20 19:04:08,781] INFO Closing socket connection to /127.0.0.1. (kafka.network.Processor)
[2017-10-20 19:04:08,901] INFO [Socket Server on Broker 0], Shutdown completed (kafka.network.SocketServer)
[2017-10-20 19:04:08,902] INFO [Kafka Request Handler on Broker 0], shutting down (kafka.server.KafkaRequestHandlerPool)
[2017-10-20 19:04:08,905] INFO [Kafka Request Handler on Broker 0], shut down completely (kafka.server.KafkaRequestHandlerPool)
[2017-10-20 19:04:09,221] INFO [Replica Manager on Broker 0]: Shut down (kafka.server.ReplicaManager)
[2017-10-20 19:04:09,222] INFO [ReplicaFetcherManager on broker 0] shutting down (kafka.server.ReplicaFetcherManager)
[2017-10-20 19:04:09,223] INFO [ReplicaFetcherManager on broker 0] shutdown completed (kafka.server.ReplicaFetcherManager)
[2017-10-20 19:04:09,229] INFO [Replica Manager on Broker 0]: Shut down completely (kafka.server.ReplicaManager)
[2017-10-20 19:04:09,230] INFO Shutting down. (kafka.log.LogManager)
[2017-10-20 19:04:09,246] INFO Shutdown complete. (kafka.log.LogManager)
[2017-10-20 19:04:09,262] INFO [Kafka Server 0], shut down completed (kafka.server.KafkaServer)
[2017-10-20 19:04:14,228] INFO Verifying properties (kafka.utils.VerifiableProperties)
[2017-10-20 19:04:14,305] INFO Property broker.id is overridden to 0 (kafka.utils.VerifiableProperties)
[2017-10-20 19:04:14,305] INFO Property log.cleaner.enable is overridden to false (kafka.utils.VerifiableProperties)
[2017-10-20 19:04:14,306] INFO Property log.dirs is overridden to /tmp/kafka-logs (kafka.utils.VerifiableProperties)
[2017-10-20 19:04:14,306] INFO Property log.retention.check.interval.ms is overridden to 300000 (kafka.utils.VerifiableProperties)
[2017-10-20 19:04:14,306] INFO Property log.retention.hours is overridden to 168 (kafka.utils.VerifiableProperties)
[2017-10-20 19:04:14,306] INFO Property log.segment.bytes is overridden to 1073741824 (kafka.utils.VerifiableProperties)
[2017-10-20 19:04:14,306] INFO Property num.io.threads is overridden to 8 (kafka.utils.VerifiableProperties)
[2017-10-20 19:04:14,307] INFO Property num.network.threads is overridden to 3 (kafka.utils.VerifiableProperties)
[2017-10-20 19:04:14,307] INFO Property num.partitions is overridden to 1 (kafka.utils.VerifiableProperties)
[2017-10-20 19:04:14,307] INFO Property num.recovery.threads.per.data.dir is overridden to 1 (kafka.utils.VerifiableProperties)
[2017-10-20 19:04:14,307] INFO Property port is overridden to 9092 (kafka.utils.VerifiableProperties)
[2017-10-20 19:04:14,308] INFO Property socket.receive.buffer.bytes is overridden to 102400 (kafka.utils.VerifiableProperties)
[2017-10-20 19:04:14,308] INFO Property socket.request.max.bytes is overridden to 104857600 (kafka.utils.VerifiableProperties)
[2017-10-20 19:04:14,308] INFO Property socket.send.buffer.bytes is overridden to 102400 (kafka.utils.VerifiableProperties)
[2017-10-20 19:04:14,312] INFO Property zookeeper.connect is overridden to localhost:2181 (kafka.utils.VerifiableProperties)
[2017-10-20 19:04:14,313] INFO Property zookeeper.connection.timeout.ms is overridden to 6000 (kafka.utils.VerifiableProperties)
[2017-10-20 19:04:14,390] INFO [Kafka Server 0], starting (kafka.server.KafkaServer)
[2017-10-20 19:04:14,392] INFO [Kafka Server 0], Connecting to zookeeper on localhost:2181 (kafka.server.KafkaServer)
[2017-10-20 19:04:14,641] INFO Loading logs. (kafka.log.LogManager)
[2017-10-20 19:04:14,648] INFO Logs loading complete. (kafka.log.LogManager)
[2017-10-20 19:04:14,649] INFO Starting log cleanup with a period of 300000 ms. (kafka.log.LogManager)
[2017-10-20 19:04:14,654] INFO Starting log flusher with a default period of 9223372036854775807 ms. (kafka.log.LogManager)
[2017-10-20 19:04:14,704] INFO Awaiting socket connections on 0.0.0.0:9092. (kafka.network.Acceptor)
[2017-10-20 19:04:14,704] INFO [Socket Server on Broker 0], Started (kafka.network.SocketServer)
[2017-10-20 19:04:14,833] INFO Will not load MX4J, mx4j-tools.jar is not in the classpath (kafka.utils.Mx4jLoader$)
[2017-10-20 19:04:14,912] INFO 0 successfully elected as leader (kafka.server.ZookeeperLeaderElector)
[2017-10-20 19:04:15,196] INFO Registered broker 0 at path /brokers/ids/0 with address localhost:9092. (kafka.utils.ZkUtils$)
[2017-10-20 19:04:15,250] INFO [Kafka Server 0], started (kafka.server.KafkaServer)
[2017-10-20 19:04:15,377] INFO New leader is 0 (kafka.server.ZookeeperLeaderElector$LeaderChangeListener)
[2017-10-20 19:07:15,292] INFO Topic creation {"version":1,"partitions":{"0":[0]}} (kafka.admin.AdminUtils$)
[2017-10-20 19:07:15,301] INFO [KafkaApi-0] Auto creation of topic TutorialTopic with 1 partitions and replication factor 1 is successful! (kafka.server.KafkaApis)
[2017-10-20 19:07:15,635] INFO Closing socket connection to /127.0.0.1. (kafka.network.Processor)
[2017-10-20 19:07:15,641] INFO Closing socket connection to /127.0.0.1. (kafka.network.Processor)
[2017-10-20 19:07:15,668] INFO [ReplicaFetcherManager on broker 0] Removed fetcher for partitions [TutorialTopic,0] (kafka.server.ReplicaFetcherManager)
[2017-10-20 19:07:15,701] INFO Closing socket connection to /127.0.0.1. (kafka.network.Processor)
[2017-10-20 19:07:15,719] INFO Closing socket connection to /127.0.0.1. (kafka.network.Processor)
[2017-10-20 19:07:15,761] INFO Completed load of log TutorialTopic-0 with log end offset 0 (kafka.log.Log)
[2017-10-20 19:07:15,767] INFO Created log for partition [TutorialTopic,0] in /tmp/kafka-logs with properties {segment.index.bytes -> 10485760, file.delete.delay.ms -> 60000, segment.bytes -> 1073741824, flush.ms -> 9223372036854775807, delete.retention.ms -> 86400000, index.interval.bytes -> 4096, retention.bytes -> -1, min.insync.replicas -> 1, cleanup.policy -> delete, unclean.leader.election.enable -> true, segment.ms -> 604800000, max.message.bytes -> 1000012, flush.messages -> 9223372036854775807, min.cleanable.dirty.ratio -> 0.5, retention.ms -> 604800000, segment.jitter.ms -> 0}. (kafka.log.LogManager)
[2017-10-20 19:07:15,776] WARN Partition [TutorialTopic,0] on broker 0: No checkpointed highwatermark is found for partition [TutorialTopic,0] (kafka.cluster.Partition)
[2017-10-20 19:07:15,851] INFO Closing socket connection to /127.0.0.1. (kafka.network.Processor)
[2017-10-20 19:07:15,939] INFO Closing socket connection to /127.0.0.1. (kafka.network.Processor)
[2017-10-20 19:08:32,036] INFO Closing socket connection to /127.0.0.1. (kafka.network.Processor)
[2017-10-20 19:08:51,366] ERROR Closing socket for /127.0.0.1 because of error (kafka.network.Processor)
java.io.IOException: Broken pipe
	at sun.nio.ch.FileDispatcherImpl.write0(Native Method)
	at sun.nio.ch.SocketDispatcher.write(SocketDispatcher.java:47)
	at sun.nio.ch.IOUtil.writeFromNativeBuffer(IOUtil.java:93)
	at sun.nio.ch.IOUtil.write(IOUtil.java:65)
	at sun.nio.ch.SocketChannelImpl.write(SocketChannelImpl.java:471)
	at kafka.api.TopicDataSend.writeTo(FetchResponse.scala:123)
	at kafka.network.MultiSend.writeTo(Transmission.scala:101)
	at kafka.api.FetchResponseSend.writeTo(FetchResponse.scala:231)
	at kafka.network.Processor.write(SocketServer.scala:472)
	at kafka.network.Processor.run(SocketServer.scala:342)
	at java.lang.Thread.run(Thread.java:745)
[2017-10-20 19:10:22,533] INFO Closing socket connection to /127.0.0.1. (kafka.network.Processor)
[2017-10-20 19:10:23,792] INFO Closing socket connection to /127.0.0.1. (kafka.network.Processor)
[2017-10-20 19:10:44,972] INFO Closing socket connection to /127.0.0.1. (kafka.network.Processor)
[2017-10-20 19:10:45,121] INFO Closing socket connection to /127.0.0.1. (kafka.network.Processor)
[2017-10-20 19:11:16,163] INFO Closing socket connection to /127.0.0.1. (kafka.network.Processor)
[2017-10-20 19:11:22,463] INFO Closing socket connection to /127.0.0.1. (kafka.network.Processor)
[2017-10-20 19:11:22,468] INFO Closing socket connection to /127.0.0.1. (kafka.network.Processor)
[2017-10-20 19:11:45,240] INFO Closing socket connection to /127.0.0.1. (kafka.network.Processor)
[2017-10-20 19:11:45,253] INFO Closing socket connection to /127.0.0.1. (kafka.network.Processor)
[2017-10-20 19:11:47,389] INFO Closing socket connection to /127.0.0.1. (kafka.network.Processor)
[2017-10-20 19:11:47,395] INFO Closing socket connection to /127.0.0.1. (kafka.network.Processor)
[2017-10-20 19:13:17,619] INFO Closing socket connection to /127.0.0.1. (kafka.network.Processor)
[2017-10-20 19:13:17,684] INFO Closing socket connection to /127.0.0.1. (kafka.network.Processor)
[2017-10-20 19:13:39,360] INFO Closing socket connection to /127.0.0.1. (kafka.network.Processor)
[2017-10-20 19:13:39,417] INFO Closing socket connection to /127.0.0.1. (kafka.network.Processor)
[2017-10-20 19:13:58,350] INFO Closing socket connection to /127.0.0.1. (kafka.network.Processor)
[2017-10-20 19:13:58,412] INFO Closing socket connection to /127.0.0.1. (kafka.network.Processor)
[2017-10-20 19:14:12,131] INFO Closing socket connection to /127.0.0.1. (kafka.network.Processor)
[2017-10-20 19:14:12,193] INFO Closing socket connection to /127.0.0.1. (kafka.network.Processor)
[2017-10-20 19:15:05,066] INFO Closing socket connection to /127.0.0.1. (kafka.network.Processor)
[2017-10-20 19:15:14,593] INFO Closing socket connection to /127.0.0.1. (kafka.network.Processor)
[2017-10-20 19:15:18,017] INFO Closing socket connection to /127.0.0.1. (kafka.network.Processor)
[2017-10-20 19:15:18,127] INFO Closing socket connection to /127.0.0.1. (kafka.network.Processor)
[2017-10-20 19:16:29,227] INFO Closing socket connection to /127.0.0.1. (kafka.network.Processor)
[2017-10-20 19:16:29,288] INFO Closing socket connection to /127.0.0.1. (kafka.network.Processor)
[2017-10-20 19:16:52,976] INFO Closing socket connection to /127.0.0.1. (kafka.network.Processor)
[2017-10-20 19:16:53,039] INFO Closing socket connection to /127.0.0.1. (kafka.network.Processor)
[2017-10-20 19:18:12,739] INFO Closing socket connection to /127.0.0.1. (kafka.network.Processor)
[2017-10-20 19:18:12,743] INFO Closing socket connection to /127.0.0.1. (kafka.network.Processor)
[2017-10-20 19:49:04,036] INFO Closing socket connection to /127.0.0.1. (kafka.network.Processor)
[2017-10-20 19:49:04,104] INFO Closing socket connection to /127.0.0.1. (kafka.network.Processor)
[2017-10-20 19:59:00,780] INFO Closing socket connection to /127.0.0.1. (kafka.network.Processor)
[2017-10-20 19:59:00,793] INFO Closing socket connection to /127.0.0.1. (kafka.network.Processor)
